01-30-2021 19:02:21.703 [main] INFO  resources.TestBase - Driver is initialized
01-30-2021 19:02:34.413 [main] INFO  resources.TestBase - Validate if Login button is disabled when mobile number is less than 10 digits
01-30-2021 19:02:34.788 [main] INFO  resources.TestBase - Enter Mobile number less than 10 digits and verify Login button
01-30-2021 19:02:34.830 [main] INFO  resources.TestBase - Login Button is disabled as User entered less than 10 digits in Mobile Number
01-30-2021 19:02:36.482 [main] INFO  resources.TestBase - Validate if Login button is disabled when mobile number is more than 10 digits
01-30-2021 19:02:36.882 [main] INFO  resources.TestBase - Enter Mobile number more than 10 digits and verify Login button
01-30-2021 19:02:36.914 [main] INFO  resources.TestBase - Login Button is disabled as User entered more than 10 digits in Mobile Number
01-30-2021 19:02:38.350 [main] INFO  resources.TestBase - Validate if Login button is disabled when mobile number contains alphabets
01-30-2021 19:02:38.775 [main] INFO  resources.TestBase - Enter Mobile number with alphabets and verify Login button
01-30-2021 19:02:38.805 [main] INFO  resources.TestBase - Login Button is disabled as User entered Mobile number with alphabets as input
01-30-2021 19:02:40.184 [main] INFO  resources.TestBase - Validate login feature with invalid credentials
01-30-2021 19:02:40.573 [main] INFO  resources.TestBase - Enter Invalid customer credentials and click on Login button
01-30-2021 19:02:41.986 [main] INFO  resources.TestBase - User entered invalid (username or password) or User is no longer active
01-30-2021 19:02:43.474 [main] INFO  resources.TestBase - Validate login feature with valid credentials
01-30-2021 19:02:43.845 [main] INFO  resources.TestBase - Enter valid customer credentials and click on Login button
01-30-2021 19:02:46.971 [main] INFO  resources.TestBase - Customer home page displayed. Successfully validated customer login with valid credentials
01-30-2021 19:02:50.659 [main] INFO  resources.TestBase - Driver is initialized
01-30-2021 19:03:01.275 [main] INFO  resources.TestBase - Validate Checkout Button state with Empty Cart
01-30-2021 19:03:01.630 [main] INFO  resources.TestBase - Enter valid customer credentials and click on Login button
01-30-2021 19:03:19.177 [main] INFO  resources.TestBase - On Customer home page Checkout button is in disabled state
01-30-2021 19:03:19.182 [main] INFO  resources.TestBase - Validate if default quantity of product is set as '1' in dropdown
01-30-2021 19:03:19.431 [main] INFO  resources.TestBase - Default selected quantity is : 1
01-30-2021 19:03:19.434 [main] INFO  resources.TestBase - Validate if items per page displayed as per dropdown selection
01-30-2021 19:03:26.535 [main] INFO  resources.TestBase - On Customer product list page items per page are displayed as per dropdown selection
01-30-2021 19:03:26.542 [main] INFO  resources.TestBase - Validate whether 'Add to Cart' button is Enabled only if product is in stock
01-30-2021 19:03:26.681 [main] INFO  resources.TestBase - Product is present in stock. Add to Cart button is Enabled
01-30-2021 19:03:26.744 [main] INFO  resources.TestBase - Product is present in stock. Add to Cart button is Enabled
01-30-2021 19:03:26.809 [main] INFO  resources.TestBase - Product is present in stock. Add to Cart button is Enabled
01-30-2021 19:03:26.892 [main] INFO  resources.TestBase - Product is present in stock. Add to Cart button is Enabled
01-30-2021 19:03:26.943 [main] INFO  resources.TestBase - Product is present in stock. Add to Cart button is Enabled
01-30-2021 19:03:26.995 [main] INFO  resources.TestBase - Product is present in stock. Add to Cart button is Enabled
01-30-2021 19:03:27.050 [main] INFO  resources.TestBase - Product is present in stock. Add to Cart button is Enabled
01-30-2021 19:03:27.108 [main] INFO  resources.TestBase - Product is present in stock. Add to Cart button is Enabled
01-30-2021 19:03:27.190 [main] INFO  resources.TestBase - Product is present in stock. Add to Cart button is Enabled
01-30-2021 19:03:27.243 [main] INFO  resources.TestBase - Product is present in stock. Add to Cart button is Enabled
01-30-2021 19:03:27.297 [main] INFO  resources.TestBase - Product is present in stock. Add to Cart button is Enabled
01-30-2021 19:03:27.362 [main] INFO  resources.TestBase - Product is Out of stock. 'Add to Cart' button is Disabled
01-30-2021 19:03:27.433 [main] INFO  resources.TestBase - Product is present in stock. Add to Cart button is Enabled
01-30-2021 19:03:27.489 [main] INFO  resources.TestBase - Product is Out of stock. 'Add to Cart' button is Disabled
01-30-2021 19:03:27.590 [main] INFO  resources.TestBase - Product is present in stock. Add to Cart button is Enabled
01-30-2021 19:03:27.653 [main] INFO  resources.TestBase - Product is present in stock. Add to Cart button is Enabled
01-30-2021 19:03:27.708 [main] INFO  resources.TestBase - Product is present in stock. Add to Cart button is Enabled
01-30-2021 19:03:27.766 [main] INFO  resources.TestBase - Product is present in stock. Add to Cart button is Enabled
01-30-2021 19:03:27.825 [main] INFO  resources.TestBase - Product is present in stock. Add to Cart button is Enabled
01-30-2021 19:03:27.952 [main] INFO  resources.TestBase - Product is present in stock. Add to Cart button is Enabled
01-30-2021 19:03:28.010 [main] INFO  resources.TestBase - Product is present in stock. Add to Cart button is Enabled
01-30-2021 19:03:28.074 [main] INFO  resources.TestBase - Product is present in stock. Add to Cart button is Enabled
01-30-2021 19:03:28.134 [main] INFO  resources.TestBase - Product is present in stock. Add to Cart button is Enabled
01-30-2021 19:03:28.200 [main] INFO  resources.TestBase - Product is present in stock. Add to Cart button is Enabled
01-30-2021 19:03:28.253 [main] INFO  resources.TestBase - Product is present in stock. Add to Cart button is Enabled
01-30-2021 19:03:28.305 [main] INFO  resources.TestBase - Product is present in stock. Add to Cart button is Enabled
01-30-2021 19:03:28.358 [main] INFO  resources.TestBase - Product is present in stock. Add to Cart button is Enabled
01-30-2021 19:03:28.408 [main] INFO  resources.TestBase - Product is present in stock. Add to Cart button is Enabled
01-30-2021 19:03:28.458 [main] INFO  resources.TestBase - Product is present in stock. Add to Cart button is Enabled
01-30-2021 19:03:28.510 [main] INFO  resources.TestBase - Product is present in stock. Add to Cart button is Enabled
01-30-2021 19:03:28.515 [main] INFO  resources.TestBase - Validate for Only one per Order products Quantity dropdown displays only single option
01-30-2021 19:03:28.613 [main] INFO  resources.TestBase - For only one per Order products Quantity dropdown displays single option
01-30-2021 19:03:28.698 [main] INFO  resources.TestBase - For only one per Order products Quantity dropdown displays single option
01-30-2021 19:03:28.833 [main] INFO  resources.TestBase - For only one per Order products Quantity dropdown displays single option
01-30-2021 19:03:29.000 [main] INFO  resources.TestBase - For only one per Order products Quantity dropdown displays single option
01-30-2021 19:03:29.075 [main] INFO  resources.TestBase - For only one per Order products Quantity dropdown displays single option
01-30-2021 19:03:29.148 [main] INFO  resources.TestBase - For only one per Order products Quantity dropdown displays single option
01-30-2021 19:03:29.357 [main] INFO  resources.TestBase - Validate search product functionality on product list page
01-30-2021 19:03:29.400 [main] INFO  resources.TestBase - Customer enters product name to search in inventory
01-30-2021 19:03:36.127 [main] INFO  resources.TestBase - Total products found after search : 13
01-30-2021 19:03:36.393 [main] INFO  resources.TestBase - All products found contains text searched by customer
01-30-2021 19:03:39.546 [main] INFO  resources.TestBase - Driver is initialized
01-30-2021 19:03:50.698 [main] INFO  resources.TestBase - Validate if total number of items found matches with items number displayed in Pagination filter
01-30-2021 19:04:12.004 [main] INFO  resources.TestBase - Total number of items found matches with items number displayed in Pagination filter
01-30-2021 19:04:12.009 [main] INFO  resources.TestBase - Validate number of items displayed after selecting checkbox for any category filter
01-30-2021 19:04:12.317 [main] INFO  resources.TestBase - Click on checkbox infront of selected category
01-30-2021 19:04:17.342 [main] INFO  resources.TestBase - Checkbox infront of selected category is displayed as selected
01-30-2021 19:04:17.397 [main] INFO  resources.TestBase - Total number of items found after selecting category filter checkbox matches with number of items displayed in Pagination filter
01-30-2021 19:04:24.669 [main] INFO  resources.TestBase - Validate number of items displayed after selecting checkbox for any Group filter
01-30-2021 19:04:24.822 [main] INFO  resources.TestBase - Click on checkbox infront of selected group
01-30-2021 19:04:39.642 [main] INFO  resources.TestBase - Checkbox infront of selected group is displayed as selected
01-30-2021 19:04:39.694 [main] INFO  resources.TestBase - Total number of items found after selecting group filter checkbox matches with number of items displayed in Pagination filter
01-30-2021 19:04:39.697 [main] INFO  resources.TestBase - Validate after clearing all filters total items present in inventory are displayed on product list page
01-30-2021 19:04:39.879 [main] INFO  resources.TestBase - Click on 'Clear All Filters' button
01-30-2021 19:04:59.951 [main] INFO  resources.TestBase - Total items displayed in pagination filter matches with number of items present in inventory
01-30-2021 19:05:00.105 [main] INFO  resources.TestBase - Checkbox infront of all category filters is displayed as unchecked
01-30-2021 19:05:00.198 [main] INFO  resources.TestBase - Checkbox infront of all Group filters is displayed as unchecked
01-30-2021 19:05:03.591 [main] INFO  resources.TestBase - Driver is initialized
01-30-2021 19:05:18.384 [main] INFO  resources.TestBase - Validate Add to Cart feature on Product list page
01-30-2021 19:05:25.377 [main] INFO  resources.TestBase - Click on checkbox infront of selected category
01-30-2021 19:05:27.154 [main] INFO  resources.TestBase - Checkbox infront of selected category is displayed as selected
01-30-2021 19:05:27.200 [main] INFO  resources.TestBase - Select quantity of product as : 2
01-30-2021 19:05:27.433 [main] INFO  resources.TestBase - Click on Add to cart button for product
01-30-2021 19:05:33.229 [main] INFO  resources.TestBase - Product Added to cart and Checkout button is Enabled
01-30-2021 19:05:33.236 [main] INFO  resources.TestBase - Validate if correct details displayed for product added in Cart
01-30-2021 19:05:33.322 [main] INFO  resources.TestBase - Name of the product in cart matches with selected product
01-30-2021 19:05:33.323 [main] INFO  resources.TestBase - Quantity of the product in cart matches with selected quantity
01-30-2021 19:05:33.361 [main] INFO  resources.TestBase - Product Amount in Cart matches as per selected quantity
01-30-2021 19:05:33.369 [main] INFO  resources.TestBase - Validate details of total amount payable are as per product quantity
01-30-2021 19:05:33.420 [main] INFO  resources.TestBase - Total payable amount matches as per selected quantity
01-30-2021 19:05:33.424 [main] INFO  resources.TestBase - Validate when Customer Selects same quantity of product again
01-30-2021 19:05:33.547 [main] INFO  resources.TestBase - Click on Add to cart button for product
01-30-2021 19:05:33.821 [main] INFO  resources.TestBase - Alert message displayed as Product added in the cart already with same quantity
01-30-2021 19:05:39.298 [main] INFO  resources.TestBase - Validate Delete Product from cart feature
01-30-2021 19:05:39.338 [main] INFO  resources.TestBase - Product present in cart
01-30-2021 19:05:39.429 [main] INFO  resources.TestBase - Click on Delete Item button
01-30-2021 19:05:39.536 [main] INFO  resources.TestBase - Alert message displayed as Product removed from Cart
01-30-2021 19:05:44.970 [main] INFO  resources.TestBase - Product removed from cart. Updated value of Total amount payable displayed
01-30-2021 19:05:48.010 [main] INFO  resources.TestBase - Driver is initialized
01-30-2021 19:06:00.161 [main] INFO  resources.TestBase - Validate Add to Cart and click Checkout Button
01-30-2021 19:06:15.043 [main] INFO  resources.TestBase - Select quantity and Click on Add to cart button for product
01-30-2021 19:06:20.730 [main] INFO  resources.TestBase - Product Added to cart. Click on Checkout button
01-30-2021 19:06:20.917 [main] INFO  resources.TestBase - Select timeslot for Product delivery window displayed
01-30-2021 19:06:20.950 [main] INFO  resources.TestBase - Validate without selecting delivery timeslot Customer clicks on Submit button
01-30-2021 19:06:30.006 [main] INFO  resources.TestBase - Please select timeslot alert message displayed
01-30-2021 19:06:30.016 [main] INFO  resources.TestBase - Validate after selecting delivery timeslot Customer clicks on Cancel button
01-30-2021 19:06:35.508 [main] INFO  resources.TestBase - Customer selects the delivery timeslot for product and click on Cancel
01-30-2021 19:06:35.747 [main] INFO  resources.TestBase - After clicking on Cancel button delivery timeslot window closes
01-30-2021 19:06:38.837 [main] INFO  resources.TestBase - Driver is initialized
01-30-2021 19:06:50.122 [main] INFO  resources.TestBase - Validate after selecting delivery timeslot Customer clicks on Submit button
01-30-2021 19:07:06.933 [main] INFO  resources.TestBase - Click on checkbox infront of selected category
01-30-2021 19:07:15.295 [main] INFO  resources.TestBase - Checkbox infront of selected category is displayed as selected
01-30-2021 19:07:32.964 [main] INFO  resources.TestBase - Select timeslot for Product delivery window displayed
01-30-2021 19:07:33.207 [main] INFO  resources.TestBase - Customer selects the delivery timeslot for product and click on Submit
01-30-2021 19:07:56.787 [main] INFO  resources.TestBase - Order successfully placed alert message displayed
01-30-2021 19:07:56.792 [main] INFO  resources.TestBase - Validate Customer order displayed on Order List page
01-30-2021 19:08:01.641 [main] INFO  resources.TestBase - Customer clicks on UserMenu and then Orders link
01-30-2021 19:08:02.135 [main] INFO  resources.TestBase - Order list page opens
01-30-2021 19:08:11.561 [main] INFO  resources.TestBase - Customer orders displayed on Order list page
01-30-2021 19:08:11.790 [main] INFO  resources.TestBase - User double clicks on OrderNo header to sort with recent orders placed
01-30-2021 19:08:11.831 [main] INFO  resources.TestBase - New order by Customer displayed on order list page
01-30-2021 19:08:11.833 [main] INFO  resources.TestBase - Validate order details displayed on Order List page
01-30-2021 19:08:12.032 [main] INFO  resources.TestBase - Customer order details displayed on order list page are as expected
01-30-2021 19:08:12.036 [main] INFO  resources.TestBase - Validate order details displayed on Order Details window
01-30-2021 19:08:15.273 [main] INFO  resources.TestBase - Customer orders details window displayed on Order list page
01-30-2021 19:08:16.383 [main] INFO  resources.TestBase - Customer order details displayed in Order Details window are correct
01-30-2021 19:08:19.481 [main] INFO  resources.TestBase - Driver is initialized
01-30-2021 19:08:29.993 [main] INFO  resources.TestBase - Validate Customer order displayed on Order List page
01-30-2021 19:08:50.499 [main] INFO  resources.TestBase - Customer clicks on UserMenu and then clicks on Orders link
01-30-2021 19:08:50.868 [main] INFO  resources.TestBase - Order list page opens
01-30-2021 19:09:13.447 [main] INFO  resources.TestBase - Customer orders displayed on Order list page
01-30-2021 19:09:13.730 [main] INFO  resources.TestBase - User double clicks on OrderNo header to sort with recent orders placed
01-30-2021 19:09:13.770 [main] INFO  resources.TestBase - Orders by Customer displayed on order list page
01-30-2021 19:09:13.773 [main] INFO  resources.TestBase - Validate if Orders are displayed per page as per option selected from dropdown
01-30-2021 19:09:14.315 [main] INFO  resources.TestBase - On Order list page user clicked option is displayed as selected
01-30-2021 19:09:14.368 [main] INFO  resources.TestBase - On Order list page Orders displayed per page as per dropdown option selected
01-30-2021 19:09:14.370 [main] INFO  resources.TestBase - Validate if Orders are displayed as per Status selected from dropdown
01-30-2021 19:09:14.649 [main] INFO  resources.TestBase - Select Ready from dropdown
01-30-2021 19:09:15.654 [main] INFO  resources.TestBase - On Order list page all statuses displayed as per READY option selected from dropdown
01-30-2021 19:09:15.899 [main] INFO  resources.TestBase - Select Pending from dropdown
01-30-2021 19:09:17.121 [main] INFO  resources.TestBase - On Order list page all statuses displayed as per PENDING option selected from dropdown
01-30-2021 19:09:17.399 [main] INFO  resources.TestBase - Select Completed from dropdown
01-30-2021 19:09:18.731 [main] INFO  resources.TestBase - On Order list page all statuses displayed as per COMPLETED option selected from dropdown
01-30-2021 19:09:19.112 [main] INFO  resources.TestBase - Select Lapsed from dropdown
01-30-2021 19:09:20.403 [main] INFO  resources.TestBase - On Order list page all statuses displayed as per LAPSED option selected from dropdown
01-30-2021 19:09:20.775 [main] INFO  resources.TestBase - Select Cancelled from dropdown
01-30-2021 19:09:22.201 [main] INFO  resources.TestBase - On Order list page all statuses displayed as per CANCELLED option selected from dropdown
01-30-2021 19:09:22.206 [main] INFO  resources.TestBase - Validate search by order number feature on Order list page
01-30-2021 19:09:22.416 [main] INFO  resources.TestBase - Customer enters Order number to search from all orders
01-30-2021 19:09:22.665 [main] INFO  resources.TestBase - Total Orders found after search : 1
01-30-2021 19:09:22.691 [main] INFO  resources.TestBase - Orders found matches with order number searched by customer
01-30-2021 19:09:22.694 [main] INFO  resources.TestBase - Validate search by delivery date feature on Order list page
01-30-2021 19:09:22.876 [main] INFO  resources.TestBase - Customer enters delivery date to search from all orders
01-30-2021 19:09:23.275 [main] INFO  resources.TestBase - Total Orders found after search : 5
01-30-2021 19:09:23.427 [main] INFO  resources.TestBase - All Orders found as per delivery date searched by customer
01-30-2021 19:09:26.592 [main] INFO  resources.TestBase - Driver is initialized
01-30-2021 19:09:49.919 [main] INFO  resources.TestBase - Navigated to Login page
01-30-2021 19:09:55.626 [main] INFO  resources.TestBase - Successfully validated text message at dashboard
